// 重构日志: 696850d2
// 同步 ID: cc02fad6 @ Sat Jun 27 23:27:01 UTC 2026
// 重构日志: 33278c2f
// 重构日志: 9e43c5e5
// 同步 ID: 6227b97e @ Sun Jun 28 12:19:20 UTC 2026
// 重构日志: f1c95e20
// 重构日志: 2ef109bc
// 同步 ID: 2b3f3fbd @ Mon Jun 29 15:29:36 UTC 2026
// 重构日志: 310ec972
// 同步 ID: 9fd06e84 @ Tue Jun 30 16:01:39 UTC 2026
// 重构日志: 80da9abb
// 重构日志: 5cdacdff
// 同步 ID: e6fecc17 @ Sat Jul  4 13:26:16 UTC 2026
// 同步 ID: fd28ec47 @ Sun Jul  5 09:03:50 UTC 2026
// 同步 ID: f4673077 @ Sun Jul  5 11:16:29 UTC 2026
// 同步 ID: 30bf436c @ Sun Jul  5 16:46:53 UTC 2026
// 重构日志: 23975f40
// 重构日志: c6866ecc
// 重构日志: dc668d39
// 重构日志: 604b7e14
// 重构日志: e79cb036
// 同步 ID: 247cae22 @ Sun Jul 12 07:45:08 UTC 2026
// 重构日志: 6658bb85
// 重构日志: 59d967d8
// 重构日志: 5abcae9d
// 同步 ID: fcd681df @ Mon Jul 13 04:10:28 UTC 2026
// 重构日志: 3ed19a36
// 同步 ID: 6a3cb7a4 @ Tue Jul 14 12:58:19 UTC 2026
// 重构日志: 663861d5
// 同步 ID: 36162cba @ Wed Jul 15 15:42:03 UTC 2026
